<?xml version="1.0" encoding="UTF-8" ?>
<testsuite errors="0" failures="0" hostname="sheldon" name="jahmm.calculators.ForwardBackwardScaledCalculatorTest" skipped="0" tests="2" time="1.449" timestamp="2014-02-27T23:43:19">
  <properties>
[...]
</properties>
  <testcase classname="jahmm.calculators.ForwardBackwardScaledCalculatorTest" name="testComputeAll" time="0.046" />
  <testcase classname="jahmm.calculators.ForwardBackwardScaledCalculatorTest" name="testSameProbability" time="1.136" />
  <system-out><![CDATA[]]></system-out>
  <system-err><![CDATA[]]></system-err>
</testsuite>
