# JRE version: OpenJDK Runtime Environment (7.0_51) (build 1.7.0_51-b00)
# Java VM: OpenJDK 64-Bit Server VM (24.45-b08 mixed mode linux-amd64 compressed oops)
Heap
 PSYoungGen      total 64000K, used 21620K [0x00000000e1800000, 0x00000000ff000000, 0x0000000100000000)
  eden space 63488K, 34% used [0x00000000e1800000,0x00000000e2d152c8,0x00000000e5600000)
  from space 512K, 6% used [0x00000000fef00000,0x00000000fef08000,0x00000000fef80000)
  to   space 512K, 0% used [0x00000000fef80000,0x00000000fef80000,0x00000000ff000000)
 ParOldGen       total 337408K, used 286060K [0x00000000a4800000, 0x00000000b9180000, 0x00000000e1800000)
  object space 337408K, 84% used [0x00000000a4800000,0x00000000b5f5b3d0,0x00000000b9180000)
 PSPermGen       total 21504K, used 6875K [0x000000009a200000, 0x000000009b700000, 0x00000000a4800000)
  object space 21504K, 31% used [0x000000009a200000,0x000000009a8b6cb0,0x000000009b700000)
GC Heap History (10 events):
Event: 271.035 GC heap before
{Heap before GC invocations=172 (full 1):
 PSYoungGen      total 75776K, used 75296K [0x00000000e1800000, 0x00000000ff000000, 0x0000000100000000)
  eden space 75264K, 100% used [0x00000000e1800000,0x00000000e6180000,0x00000000e6180000)
  from space 512K, 6% used [0x00000000fef80000,0x00000000fef88000,0x00000000ff000000)
  to   space 512K, 0% used [0x00000000fef00000,0x00000000fef00000,0x00000000fef80000)
 ParOldGen       total 337408K, used 286060K [0x00000000a4800000, 0x00000000b9180000, 0x00000000e1800000)
  object space 337408K, 84% used [0x00000000a4800000,0x00000000b5f5b3d0,0x00000000b9180000)
 PSPermGen       total 21504K, used 6875K [0x000000009a200000, 0x000000009b700000, 0x00000000a4800000)
  object space 21504K, 31% used [0x000000009a200000,0x000000009a8b6cb0,0x000000009b700000)
Event: 271.046 GC heap after
Heap after GC invocations=172 (full 1):
 PSYoungGen      total 73216K, used 32K [0x00000000e1800000, 0x00000000ff000000, 0x0000000100000000)
  eden space 72704K, 0% used [0x00000000e1800000,0x00000000e1800000,0x00000000e5f00000)
  from space 512K, 6% used [0x00000000fef00000,0x00000000fef08000,0x00000000fef80000)
  to   space 512K, 0% used [0x00000000fef80000,0x00000000fef80000,0x00000000ff000000)
 ParOldGen       total 337408K, used 286060K [0x00000000a4800000, 0x00000000b9180000, 0x00000000e1800000)
  object space 337408K, 84% used [0x00000000a4800000,0x00000000b5f5b3d0,0x00000000b9180000)
 PSPermGen       total 21504K, used 6875K [0x000000009a200000, 0x000000009b700000, 0x00000000a4800000)
  object space 21504K, 31% used [0x000000009a200000,0x000000009a8b6cb0,0x000000009b700000)
}
Event: 272.941 GC heap before
{Heap before GC invocations=173 (full 1):
 PSYoungGen      total 73216K, used 72736K [0x00000000e1800000, 0x00000000ff000000, 0x0000000100000000)
  eden space 72704K, 100% used [0x00000000e1800000,0x00000000e5f00000,0x00000000e5f00000)
  from space 512K, 6% used [0x00000000fef00000,0x00000000fef08000,0x00000000fef80000)
  to   space 512K, 0% used [0x00000000fef80000,0x00000000fef80000,0x00000000ff000000)
 ParOldGen       total 337408K, used 286060K [0x00000000a4800000, 0x00000000b9180000, 0x00000000e1800000)
  object space 337408K, 84% used [0x00000000a4800000,0x00000000b5f5b3d0,0x00000000b9180000)
 PSPermGen       total 21504K, used 6875K [0x000000009a200000, 0x000000009b700000, 0x00000000a4800000)
  object space 21504K, 31% used [0x000000009a200000,0x000000009a8b6cb0,0x000000009b700000)
Event: 272.944 GC heap after
Heap after GC invocations=173 (full 1):
 PSYoungGen      total 70656K, used 32K [0x00000000e1800000, 0x00000000ff000000, 0x0000000100000000)
  eden space 70144K, 0% used [0x00000000e1800000,0x00000000e1800000,0x00000000e5c80000)
  from space 512K, 6% used [0x00000000fef80000,0x00000000fef88000,0x00000000ff000000)
  to   space 512K, 0% used [0x00000000fef00000,0x00000000fef00000,0x00000000fef80000)
 ParOldGen       total 337408K, used 286060K [0x00000000a4800000, 0x00000000b9180000, 0x00000000e1800000)
  object space 337408K, 84% used [0x00000000a4800000,0x00000000b5f5b3d0,0x00000000b9180000)
 PSPermGen       total 21504K, used 6875K [0x000000009a200000, 0x000000009b700000, 0x00000000a4800000)
  object space 21504K, 31% used [0x000000009a200000,0x000000009a8b6cb0,0x000000009b700000)
}
Event: 274.721 GC heap before
{Heap before GC invocations=174 (full 1):
 PSYoungGen      total 70656K, used 70176K [0x00000000e1800000, 0x00000000ff000000, 0x0000000100000000)
  eden space 70144K, 100% used [0x00000000e1800000,0x00000000e5c80000,0x00000000e5c80000)
  from space 512K, 6% used [0x00000000fef80000,0x00000000fef88000,0x00000000ff000000)
  to   space 512K, 0% used [0x00000000fef00000,0x00000000fef00000,0x00000000fef80000)
 ParOldGen       total 337408K, used 286060K [0x00000000a4800000, 0x00000000b9180000, 0x00000000e1800000)
  object space 337408K, 84% used [0x00000000a4800000,0x00000000b5f5b3d0,0x00000000b9180000)
 PSPermGen       total 21504K, used 6875K [0x000000009a200000, 0x000000009b700000, 0x00000000a4800000)
  object space 21504K, 31% used [0x000000009a200000,0x000000009a8b6cb0,0x000000009b700000)
Event: 274.724 GC heap after
Heap after GC invocations=174 (full 1):
 PSYoungGen      total 68096K, used 32K [0x00000000e1800000, 0x00000000ff000000, 0x0000000100000000)
  eden space 67584K, 0% used [0x00000000e1800000,0x00000000e1800000,0x00000000e5a00000)
  from space 512K, 6% used [0x00000000fef00000,0x00000000fef08000,0x00000000fef80000)
  to   space 512K, 0% used [0x00000000fef80000,0x00000000fef80000,0x00000000ff000000)
 ParOldGen       total 337408K, used 286060K [0x00000000a4800000, 0x00000000b9180000, 0x00000000e1800000)
  object space 337408K, 84% used [0x00000000a4800000,0x00000000b5f5b3d0,0x00000000b9180000)
 PSPermGen       total 21504K, used 6875K [0x000000009a200000, 0x000000009b700000, 0x00000000a4800000)
  object space 21504K, 31% used [0x000000009a200000,0x000000009a8b6cb0,0x000000009b700000)
}
Event: 276.511 GC heap before
{Heap before GC invocations=175 (full 1):
 PSYoungGen      total 68096K, used 67616K [0x00000000e1800000, 0x00000000ff000000, 0x0000000100000000)
  eden space 67584K, 100% used [0x00000000e1800000,0x00000000e5a00000,0x00000000e5a00000)
  from space 512K, 6% used [0x00000000fef00000,0x00000000fef08000,0x00000000fef80000)
  to   space 512K, 0% used [0x00000000fef80000,0x00000000fef80000,0x00000000ff000000)
 ParOldGen       total 337408K, used 286060K [0x00000000a4800000, 0x00000000b9180000, 0x00000000e1800000)
  object space 337408K, 84% used [0x00000000a4800000,0x00000000b5f5b3d0,0x00000000b9180000)
 PSPermGen       total 21504K, used 6875K [0x000000009a200000, 0x000000009b700000, 0x00000000a4800000)
  object space 21504K, 31% used [0x000000009a200000,0x000000009a8b6cb0,0x000000009b700000)
Event: 276.520 GC heap after
Heap after GC invocations=175 (full 1):
 PSYoungGen      total 66048K, used 32K [0x00000000e1800000, 0x00000000ff000000, 0x0000000100000000)
  eden space 65536K, 0% used [0x00000000e1800000,0x00000000e1800000,0x00000000e5800000)
  from space 512K, 6% used [0x00000000fef80000,0x00000000fef88000,0x00000000ff000000)
  to   space 512K, 0% used [0x00000000fef00000,0x00000000fef00000,0x00000000fef80000)
 ParOldGen       total 337408K, used 286060K [0x00000000a4800000, 0x00000000b9180000, 0x00000000e1800000)
  object space 337408K, 84% used [0x00000000a4800000,0x00000000b5f5b3d0,0x00000000b9180000)
 PSPermGen       total 21504K, used 6875K [0x000000009a200000, 0x000000009b700000, 0x00000000a4800000)
  object space 21504K, 31% used [0x000000009a200000,0x000000009a8b6cb0,0x000000009b700000)
}
Event: 278.933 GC heap before
{Heap before GC invocations=176 (full 1):
 PSYoungGen      total 66048K, used 65568K [0x00000000e1800000, 0x00000000ff000000, 0x0000000100000000)
  eden space 65536K, 100% used [0x00000000e1800000,0x00000000e5800000,0x00000000e5800000)
  from space 512K, 6% used [0x00000000fef80000,0x00000000fef88000,0x00000000ff000000)
  to   space 512K, 0% used [0x00000000fef00000,0x00000000fef00000,0x00000000fef80000)
 ParOldGen       total 337408K, used 286060K [0x00000000a4800000, 0x00000000b9180000, 0x00000000e1800000)
  object space 337408K, 84% used [0x00000000a4800000,0x00000000b5f5b3d0,0x00000000b9180000)
 PSPermGen       total 21504K, used 6875K [0x000000009a200000, 0x000000009b700000, 0x00000000a4800000)
  object space 21504K, 31% used [0x000000009a200000,0x000000009a8b6cb0,0x000000009b700000)
Event: 278.938 GC heap after
Heap after GC invocations=176 (full 1):
 PSYoungGen      total 64000K, used 32K [0x00000000e1800000, 0x00000000ff000000, 0x0000000100000000)
  eden space 63488K, 0% used [0x00000000e1800000,0x00000000e1800000,0x00000000e5600000)
  from space 512K, 6% used [0x00000000fef00000,0x00000000fef08000,0x00000000fef80000)
  to   space 512K, 0% used [0x00000000fef80000,0x00000000fef80000,0x00000000ff000000)
 ParOldGen       total 337408K, used 286060K [0x00000000a4800000, 0x00000000b9180000, 0x00000000e1800000)
  object space 337408K, 84% used [0x00000000a4800000,0x00000000b5f5b3d0,0x00000000b9180000)
 PSPermGen       total 21504K, used 6875K [0x000000009a200000, 0x000000009b700000, 0x00000000a4800000)
  object space 21504K, 31% used [0x000000009a200000,0x000000009a8b6cb0,0x000000009b700000)
}

